<?xml version="1.0" encoding="UTF-8"?>
<testsuite xmlns:xsi="http://www.w3.org/2001/XMLSchema-instance" xsi:noNamespaceSchemaLocation="https://maven.apache.org/surefire/maven-surefire-plugin/xsd/surefire-test-report-3.0.xsd" version="3.0" name="runner.TestRunner" time="11.535" tests="3" errors="0" skipped="0" failures="0">
  <properties>
[...]
</properties>
  <testcase name="verify login with multiple set of data" classname="Login Functionality" time="4.057"/>
  <testcase name="verify login with invalid data" classname="Login Functionality" time="2.697"/>
  <testcase name="successfull order creation" classname="Payment Functionality" time="4.284"/>
</testsuite>